[2025-08-07 00:35:34] SOAP Error: HTTP - Could not connect to host
[2025-08-07 00:36:24] SOAP Error: SOAP-ENV:Client - Method 'ns1:command' not implemented: method name or namespace not recognized
[2025-08-07 00:36:33] SOAP Error: SOAP-ENV:Client - Method 'ns1:command' not implemented: method name or namespace not recognized
[2025-08-07 00:36:49] SOAP Error: SOAP-ENV:Client - Method 'ns1:command' not implemented: method name or namespace not recognized
[2025-08-07 00:42:35] SOAP Error: SOAP-ENV:Client - Command can not be empty
Request: &lt;?xml version=&quot;1.0&quot; encoding=&quot;UTF-8&quot;?&gt;
&lt;SOAP-ENV:Envelope xmlns:SOAP-ENV=&quot;http://schemas.xmlsoap.org/soap/envelope/&quot; xmlns:ns1=&quot;urn:AC&quot; xmlns:xsi=&quot;http://www.w3.org/2001/XMLSchema-instance&quot; xmlns:xsd=&quot;http://www.w3.org/2001/XMLSchema&quot; xmlns:ns2=&quot;http://xml.apache.org/xml-soap&quot; xmlns:SOAP-ENC=&quot;http://schemas.xmlsoap.org/soap/encoding/&quot; SOAP-ENV:encodingStyle=&quot;http://schemas.xmlsoap.org/soap/encoding/&quot;&gt;&lt;SOAP-ENV:Body&gt;&lt;ns1:executeCommand&gt;&lt;param0 xsi:type=&quot;ns2:Map&quot;&gt;&lt;item&gt;&lt;key xsi:type=&quot;xsd:string&quot;&gt;command&lt;/key&gt;&lt;value xsi:type=&quot;xsd:string&quot;&gt;.kick max&lt;/value&gt;&lt;/item&gt;&lt;/param0&gt;&lt;/ns1:executeCommand&gt;&lt;/SOAP-ENV:Body&gt;&lt;/SOAP-ENV:Envelope&gt;

[2025-08-07 00:42:42] SOAP Error: SOAP-ENV:Client - Command can not be empty
Request: &lt;?xml version=&quot;1.0&quot; encoding=&quot;UTF-8&quot;?&gt;
&lt;SOAP-ENV:Envelope xmlns:SOAP-ENV=&quot;http://schemas.xmlsoap.org/soap/envelope/&quot; xmlns:ns1=&quot;urn:AC&quot; xmlns:xsi=&quot;http://www.w3.org/2001/XMLSchema-instance&quot; xmlns:xsd=&quot;http://www.w3.org/2001/XMLSchema&quot; xmlns:ns2=&quot;http://xml.apache.org/xml-soap&quot; xmlns:SOAP-ENC=&quot;http://schemas.xmlsoap.org/soap/encoding/&quot; SOAP-ENV:encodingStyle=&quot;http://schemas.xmlsoap.org/soap/encoding/&quot;&gt;&lt;SOAP-ENV:Body&gt;&lt;ns1:executeCommand&gt;&lt;param0 xsi:type=&quot;ns2:Map&quot;&gt;&lt;item&gt;&lt;key xsi:type=&quot;xsd:string&quot;&gt;command&lt;/key&gt;&lt;value xsi:type=&quot;xsd:string&quot;&gt;.kick sango&lt;/value&gt;&lt;/item&gt;&lt;/param0&gt;&lt;/ns1:executeCommand&gt;&lt;/SOAP-ENV:Body&gt;&lt;/SOAP-ENV:Envelope&gt;

[2025-08-07 00:52:36] Error: HTTP Error: 500
Request: 
            &lt;SOAP-ENV:Envelope xmlns:SOAP-ENV=&quot;http://schemas.xmlsoap.org/soap/envelope/&quot;&gt;
               &lt;SOAP-ENV:Body&gt;
                  &lt;ns1:executeCommand xmlns:ns1=&quot;urn:AC&quot;&gt;
                     &lt;command&gt;.levelup trolld 30&lt;/command&gt;
                  &lt;/ns1:executeCommand&gt;
               &lt;/SOAP-ENV:Body&gt;
            &lt;/SOAP-ENV:Envelope&gt;
Response: <?xml version="1.0" encoding="UTF-8"?>
<SOAP-ENV:Envelope xmlns:SOAP-ENV="http://schemas.xmlsoap.org/soap/envelope/" xmlns:SOAP-ENC="http://schemas.xmlsoap.org/soap/encoding/" xmlns:xsi="http://www.w3.org/1999/XMLSchema-instance" xmlns:xsd="http://www.w3.org/1999/XMLSchema" xmlns:ns1="urn:AC"><SOAP-ENV:Body><SOAP-ENV:Fault><faultcode>SOAP-ENV:Client</faultcode><faultstring>Command 'levelup trolld 30' does not exist&#xD;
</faultstring><detail>Command 'levelup trolld 30' does not exist
</detail></SOAP-ENV:Fault></SOAP-ENV:Body></SOAP-ENV:Envelope>

[2025-08-07 00:53:05] Error: HTTP Error: 500
Request: 
            &lt;SOAP-ENV:Envelope xmlns:SOAP-ENV=&quot;http://schemas.xmlsoap.org/soap/envelope/&quot;&gt;
               &lt;SOAP-ENV:Body&gt;
                  &lt;ns1:executeCommand xmlns:ns1=&quot;urn:AC&quot;&gt;
                     &lt;command&gt;.levelup sango 60&lt;/command&gt;
                  &lt;/ns1:executeCommand&gt;
               &lt;/SOAP-ENV:Body&gt;
            &lt;/SOAP-ENV:Envelope&gt;
Response: <?xml version="1.0" encoding="UTF-8"?>
<SOAP-ENV:Envelope xmlns:SOAP-ENV="http://schemas.xmlsoap.org/soap/envelope/" xmlns:SOAP-ENC="http://schemas.xmlsoap.org/soap/encoding/" xmlns:xsi="http://www.w3.org/1999/XMLSchema-instance" xmlns:xsd="http://www.w3.org/1999/XMLSchema" xmlns:ns1="urn:AC"><SOAP-ENV:Body><SOAP-ENV:Fault><faultcode>SOAP-ENV:Client</faultcode><faultstring>Command 'levelup sango 60' does not exist&#xD;
</faultstring><detail>Command 'levelup sango 60' does not exist
</detail></SOAP-ENV:Fault></SOAP-ENV:Body></SOAP-ENV:Envelope>

[2025-08-07 00:59:06] Error: HTTP Error: 500
Request: 
            &lt;SOAP-ENV:Envelope xmlns:SOAP-ENV=&quot;http://schemas.xmlsoap.org/soap/envelope/&quot;&gt;
               &lt;SOAP-ENV:Body&gt;
                  &lt;ns1:executeCommand xmlns:ns1=&quot;urn:AC&quot;&gt;
                     &lt;command&gt;additem sango 120&lt;/command&gt;
                  &lt;/ns1:executeCommand&gt;
               &lt;/SOAP-ENV:Body&gt;
            &lt;/SOAP-ENV:Envelope&gt;
Response: <?xml version="1.0" encoding="UTF-8"?>
<SOAP-ENV:Envelope xmlns:SOAP-ENV="http://schemas.xmlsoap.org/soap/envelope/" xmlns:SOAP-ENC="http://schemas.xmlsoap.org/soap/encoding/" xmlns:xsi="http://www.w3.org/1999/XMLSchema-instance" xmlns:xsd="http://www.w3.org/1999/XMLSchema" xmlns:ns1="urn:AC"><SOAP-ENV:Body><SOAP-ENV:Fault><faultcode>SOAP-ENV:Client</faultcode><faultstring>Cannot create item '120' (amount: 1)&#xD;
</faultstring><detail>Cannot create item '120' (amount: 1)
</detail></SOAP-ENV:Fault></SOAP-ENV:Body></SOAP-ENV:Envelope>

[2025-08-07 01:02:59] Error: HTTP Error: 500
Request: 
            &lt;SOAP-ENV:Envelope xmlns:SOAP-ENV=&quot;http://schemas.xmlsoap.org/soap/envelope/&quot;&gt;
               &lt;SOAP-ENV:Body&gt;
                  &lt;ns1:executeCommand xmlns:ns1=&quot;urn:AC&quot;&gt;
                     &lt;command&gt;.dzas&lt;/command&gt;
                  &lt;/ns1:executeCommand&gt;
               &lt;/SOAP-ENV:Body&gt;
            &lt;/SOAP-ENV:Envelope&gt;
Response: <?xml version="1.0" encoding="UTF-8"?>
<SOAP-ENV:Envelope xmlns:SOAP-ENV="http://schemas.xmlsoap.org/soap/envelope/" xmlns:SOAP-ENC="http://schemas.xmlsoap.org/soap/encoding/" xmlns:xsi="http://www.w3.org/1999/XMLSchema-instance" xmlns:xsd="http://www.w3.org/1999/XMLSchema" xmlns:ns1="urn:AC"><SOAP-ENV:Body><SOAP-ENV:Fault><faultcode>SOAP-ENV:Client</faultcode><faultstring>Command 'dzas' does not exist&#xD;
</faultstring><detail>Command 'dzas' does not exist
</detail></SOAP-ENV:Fault></SOAP-ENV:Body></SOAP-ENV:Envelope>

[2025-08-07 01:09:38] Error: HTTP Error: 500
Request: 
            &lt;SOAP-ENV:Envelope xmlns:SOAP-ENV=&quot;http://schemas.xmlsoap.org/soap/envelope/&quot;&gt;
               &lt;SOAP-ENV:Body&gt;
                  &lt;ns1:executeCommand xmlns:ns1=&quot;urn:AC&quot;&gt;
                     &lt;command&gt;send money sango 10000&lt;/command&gt;
                  &lt;/ns1:executeCommand&gt;
               &lt;/SOAP-ENV:Body&gt;
            &lt;/SOAP-ENV:Envelope&gt;
Response: <?xml version="1.0" encoding="UTF-8"?>
<SOAP-ENV:Envelope xmlns:SOAP-ENV="http://schemas.xmlsoap.org/soap/envelope/" xmlns:SOAP-ENC="http://schemas.xmlsoap.org/soap/encoding/" xmlns:xsi="http://www.w3.org/1999/XMLSchema-instance" xmlns:xsd="http://www.w3.org/1999/XMLSchema" xmlns:ns1="urn:AC"><SOAP-ENV:Body><SOAP-ENV:Fault><faultcode>SOAP-ENV:Client</faultcode><faultstring>Syntax: .send money #playername "#subject" "#text" #money&#xD;
&#xD;
Send mail with money to a player. Subject and mail text must be in "".&#xD;
</faultstring><detail>Syntax: .send money #playername "#subject" "#text" #money

Send mail with money to a player. Subject and mail text must be in "".
</detail></SOAP-ENV:Fault></SOAP-ENV:Body></SOAP-ENV:Envelope>

[2025-08-07 01:21:37] Error: HTTP Error: 500
Request: 
            &lt;SOAP-ENV:Envelope xmlns:SOAP-ENV=&quot;http://schemas.xmlsoap.org/soap/envelope/&quot;&gt;
               &lt;SOAP-ENV:Body&gt;
                  &lt;ns1:executeCommand xmlns:ns1=&quot;urn:AC&quot;&gt;
                     &lt;command&gt;.teleport sango gm&lt;/command&gt;
                  &lt;/ns1:executeCommand&gt;
               &lt;/SOAP-ENV:Body&gt;
            &lt;/SOAP-ENV:Envelope&gt;
Response: <?xml version="1.0" encoding="UTF-8"?>
<SOAP-ENV:Envelope xmlns:SOAP-ENV="http://schemas.xmlsoap.org/soap/envelope/" xmlns:SOAP-ENC="http://schemas.xmlsoap.org/soap/encoding/" xmlns:xsi="http://www.w3.org/1999/XMLSchema-instance" xmlns:xsd="http://www.w3.org/1999/XMLSchema" xmlns:ns1="urn:AC"><SOAP-ENV:Body><SOAP-ENV:Fault><faultcode>SOAP-ENV:Client</faultcode><faultstring>### USAGE: .teleport ...&#xD;
Possible subcommands:&#xD;
|- teleport del&#xD;
|- teleport name ...&#xD;
</faultstring><detail>### USAGE: .teleport ...
Possible subcommands:
|- teleport del
|- teleport name ...
</detail></SOAP-ENV:Fault></SOAP-ENV:Body></SOAP-ENV:Envelope>

[2025-08-07 01:21:51] Error: HTTP Error: 500
Request: 
            &lt;SOAP-ENV:Envelope xmlns:SOAP-ENV=&quot;http://schemas.xmlsoap.org/soap/envelope/&quot;&gt;
               &lt;SOAP-ENV:Body&gt;
                  &lt;ns1:executeCommand xmlns:ns1=&quot;urn:AC&quot;&gt;
                     &lt;command&gt;character&lt;/command&gt;
                  &lt;/ns1:executeCommand&gt;
               &lt;/SOAP-ENV:Body&gt;
            &lt;/SOAP-ENV:Envelope&gt;
Response: <?xml version="1.0" encoding="UTF-8"?>
<SOAP-ENV:Envelope xmlns:SOAP-ENV="http://schemas.xmlsoap.org/soap/envelope/" xmlns:SOAP-ENC="http://schemas.xmlsoap.org/soap/encoding/" xmlns:xsi="http://www.w3.org/1999/XMLSchema-instance" xmlns:xsd="http://www.w3.org/1999/XMLSchema" xmlns:ns1="urn:AC"><SOAP-ENV:Body><SOAP-ENV:Fault><faultcode>SOAP-ENV:Client</faultcode><faultstring>### USAGE: .character ...&#xD;
Possible subcommands:&#xD;
|- character changeaccount&#xD;
|- character changefaction&#xD;
|- character changerace&#xD;
|- character check ...&#xD;
|- character customize&#xD;
|- character deleted ...&#xD;
|- character erase&#xD;
|- character level&#xD;
|- character rename&#xD;
|- character reputation&#xD;
|- character titles&#xD;
</faultstring><detail>### USAGE: .character ...
Possible subcommands:
|- character changeaccount
|- character changefaction
|- character changerace
|- character check ...
|- character customize
|- character deleted ...
|- character erase
|- character level
|- character rename
|- character reputation
|- character titles
</detail></SOAP-ENV:Fault></SOAP-ENV:Body></SOAP-ENV:Envelope>

[2025-08-07 01:30:42] Error: HTTP Error: 500
Request: 
            &lt;SOAP-ENV:Envelope xmlns:SOAP-ENV=&quot;http://schemas.xmlsoap.org/soap/envelope/&quot;&gt;
               &lt;SOAP-ENV:Body&gt;
                  &lt;ns1:executeCommand xmlns:ns1=&quot;urn:AC&quot;&gt;
                     &lt;command&gt;character&lt;/command&gt;
                  &lt;/ns1:executeCommand&gt;
               &lt;/SOAP-ENV:Body&gt;
            &lt;/SOAP-ENV:Envelope&gt;
Response: <?xml version="1.0" encoding="UTF-8"?>
<SOAP-ENV:Envelope xmlns:SOAP-ENV="http://schemas.xmlsoap.org/soap/envelope/" xmlns:SOAP-ENC="http://schemas.xmlsoap.org/soap/encoding/" xmlns:xsi="http://www.w3.org/1999/XMLSchema-instance" xmlns:xsd="http://www.w3.org/1999/XMLSchema" xmlns:ns1="urn:AC"><SOAP-ENV:Body><SOAP-ENV:Fault><faultcode>SOAP-ENV:Client</faultcode><faultstring>### USAGE: .character ...&#xD;
Possible subcommands:&#xD;
|- character changeaccount&#xD;
|- character changefaction&#xD;
|- character changerace&#xD;
|- character check ...&#xD;
|- character customize&#xD;
|- character deleted ...&#xD;
|- character erase&#xD;
|- character level&#xD;
|- character rename&#xD;
|- character reputation&#xD;
|- character titles&#xD;
</faultstring><detail>### USAGE: .character ...
Possible subcommands:
|- character changeaccount
|- character changefaction
|- character changerace
|- character check ...
|- character customize
|- character deleted ...
|- character erase
|- character level
|- character rename
|- character reputation
|- character titles
</detail></SOAP-ENV:Fault></SOAP-ENV:Body></SOAP-ENV:Envelope>

[2025-08-07 01:31:06] Error: HTTP Error: 500
Request: 
            &lt;SOAP-ENV:Envelope xmlns:SOAP-ENV=&quot;http://schemas.xmlsoap.org/soap/envelope/&quot;&gt;
               &lt;SOAP-ENV:Body&gt;
                  &lt;ns1:executeCommand xmlns:ns1=&quot;urn:AC&quot;&gt;
                     &lt;command&gt;character&lt;/command&gt;
                  &lt;/ns1:executeCommand&gt;
               &lt;/SOAP-ENV:Body&gt;
            &lt;/SOAP-ENV:Envelope&gt;
Response: <?xml version="1.0" encoding="UTF-8"?>
<SOAP-ENV:Envelope xmlns:SOAP-ENV="http://schemas.xmlsoap.org/soap/envelope/" xmlns:SOAP-ENC="http://schemas.xmlsoap.org/soap/encoding/" xmlns:xsi="http://www.w3.org/1999/XMLSchema-instance" xmlns:xsd="http://www.w3.org/1999/XMLSchema" xmlns:ns1="urn:AC"><SOAP-ENV:Body><SOAP-ENV:Fault><faultcode>SOAP-ENV:Client</faultcode><faultstring>### USAGE: .character ...&#xD;
Possible subcommands:&#xD;
|- character changeaccount&#xD;
|- character changefaction&#xD;
|- character changerace&#xD;
|- character check ...&#xD;
|- character customize&#xD;
|- character deleted ...&#xD;
|- character erase&#xD;
|- character level&#xD;
|- character rename&#xD;
|- character reputation&#xD;
|- character titles&#xD;
</faultstring><detail>### USAGE: .character ...
Possible subcommands:
|- character changeaccount
|- character changefaction
|- character changerace
|- character check ...
|- character customize
|- character deleted ...
|- character erase
|- character level
|- character rename
|- character reputation
|- character titles
</detail></SOAP-ENV:Fault></SOAP-ENV:Body></SOAP-ENV:Envelope>

[2025-08-07 01:31:08] Error: HTTP Error: 500
Request: 
            &lt;SOAP-ENV:Envelope xmlns:SOAP-ENV=&quot;http://schemas.xmlsoap.org/soap/envelope/&quot;&gt;
               &lt;SOAP-ENV:Body&gt;
                  &lt;ns1:executeCommand xmlns:ns1=&quot;urn:AC&quot;&gt;
                     &lt;command&gt;.character&lt;/command&gt;
                  &lt;/ns1:executeCommand&gt;
               &lt;/SOAP-ENV:Body&gt;
            &lt;/SOAP-ENV:Envelope&gt;
Response: <?xml version="1.0" encoding="UTF-8"?>
<SOAP-ENV:Envelope xmlns:SOAP-ENV="http://schemas.xmlsoap.org/soap/envelope/" xmlns:SOAP-ENC="http://schemas.xmlsoap.org/soap/encoding/" xmlns:xsi="http://www.w3.org/1999/XMLSchema-instance" xmlns:xsd="http://www.w3.org/1999/XMLSchema" xmlns:ns1="urn:AC"><SOAP-ENV:Body><SOAP-ENV:Fault><faultcode>SOAP-ENV:Client</faultcode><faultstring>### USAGE: .character ...&#xD;
Possible subcommands:&#xD;
|- character changeaccount&#xD;
|- character changefaction&#xD;
|- character changerace&#xD;
|- character check ...&#xD;
|- character customize&#xD;
|- character deleted ...&#xD;
|- character erase&#xD;
|- character level&#xD;
|- character rename&#xD;
|- character reputation&#xD;
|- character titles&#xD;
</faultstring><detail>### USAGE: .character ...
Possible subcommands:
|- character changeaccount
|- character changefaction
|- character changerace
|- character check ...
|- character customize
|- character deleted ...
|- character erase
|- character level
|- character rename
|- character reputation
|- character titles
</detail></SOAP-ENV:Fault></SOAP-ENV:Body></SOAP-ENV:Envelope>

[2025-08-07 01:35:04] Error: HTTP Error: 500
Request: 
                &lt;SOAP-ENV:Envelope xmlns:SOAP-ENV=&quot;http://schemas.xmlsoap.org/soap/envelope/&quot;&gt;
                   &lt;SOAP-ENV:Body&gt;
                      &lt;ns1:executeCommand xmlns:ns1=&quot;urn:AC&quot;&gt;
                         &lt;command&gt;character levelup markat 10&lt;/command&gt;
                      &lt;/ns1:executeCommand&gt;
                   &lt;/SOAP-ENV:Body&gt;
                &lt;/SOAP-ENV:Envelope&gt;
Response: <?xml version="1.0" encoding="UTF-8"?>
<SOAP-ENV:Envelope xmlns:SOAP-ENV="http://schemas.xmlsoap.org/soap/envelope/" xmlns:SOAP-ENC="http://schemas.xmlsoap.org/soap/encoding/" xmlns:xsi="http://www.w3.org/1999/XMLSchema-instance" xmlns:xsd="http://www.w3.org/1999/XMLSchema" xmlns:ns1="urn:AC"><SOAP-ENV:Body><SOAP-ENV:Fault><faultcode>SOAP-ENV:Client</faultcode><faultstring>### USAGE: .character ...&#xD;
Possible subcommands:&#xD;
|- character changeaccount&#xD;
|- character changefaction&#xD;
|- character changerace&#xD;
|- character check ...&#xD;
|- character customize&#xD;
|- character deleted ...&#xD;
|- character erase&#xD;
|- character level&#xD;
|- character rename&#xD;
|- character reputation&#xD;
|- character titles&#xD;
</faultstring><detail>### USAGE: .character ...
Possible subcommands:
|- character changeaccount
|- character changefaction
|- character changerace
|- character check ...
|- character customize
|- character deleted ...
|- character erase
|- character level
|- character rename
|- character reputation
|- character titles
</detail></SOAP-ENV:Fault></SOAP-ENV:Body></SOAP-ENV:Envelope>

[2025-08-07 01:38:14] Error: HTTP Error: 500
Request: 
            &lt;SOAP-ENV:Envelope xmlns:SOAP-ENV=&quot;http://schemas.xmlsoap.org/soap/envelope/&quot;&gt;
               &lt;SOAP-ENV:Body&gt;
                  &lt;ns1:executeCommand xmlns:ns1=&quot;urn:AC&quot;&gt;
                     &lt;command&gt;character&lt;/command&gt;
                  &lt;/ns1:executeCommand&gt;
               &lt;/SOAP-ENV:Body&gt;
            &lt;/SOAP-ENV:Envelope&gt;
Response: <?xml version="1.0" encoding="UTF-8"?>
<SOAP-ENV:Envelope xmlns:SOAP-ENV="http://schemas.xmlsoap.org/soap/envelope/" xmlns:SOAP-ENC="http://schemas.xmlsoap.org/soap/encoding/" xmlns:xsi="http://www.w3.org/1999/XMLSchema-instance" xmlns:xsd="http://www.w3.org/1999/XMLSchema" xmlns:ns1="urn:AC"><SOAP-ENV:Body><SOAP-ENV:Fault><faultcode>SOAP-ENV:Client</faultcode><faultstring>### USAGE: .character ...&#xD;
Possible subcommands:&#xD;
|- character changeaccount&#xD;
|- character changefaction&#xD;
|- character changerace&#xD;
|- character check ...&#xD;
|- character customize&#xD;
|- character deleted ...&#xD;
|- character erase&#xD;
|- character level&#xD;
|- character rename&#xD;
|- character reputation&#xD;
|- character titles&#xD;
</faultstring><detail>### USAGE: .character ...
Possible subcommands:
|- character changeaccount
|- character changefaction
|- character changerace
|- character check ...
|- character customize
|- character deleted ...
|- character erase
|- character level
|- character rename
|- character reputation
|- character titles
</detail></SOAP-ENV:Fault></SOAP-ENV:Body></SOAP-ENV:Envelope>

[2025-08-07 03:26:00] Error: Failed to connect to 127.0.0.1 port 7878 after 2054 ms: Couldn't connect to server
Request: 
            &lt;SOAP-ENV:Envelope xmlns:SOAP-ENV=&quot;http://schemas.xmlsoap.org/soap/envelope/&quot;&gt;
               &lt;SOAP-ENV:Body&gt;
                  &lt;ns1:executeCommand xmlns:ns1=&quot;urn:AC&quot;&gt;
                     &lt;command&gt;.server info&lt;/command&gt;
                  &lt;/ns1:executeCommand&gt;
               &lt;/SOAP-ENV:Body&gt;
            &lt;/SOAP-ENV:Envelope&gt;
Response: None
